Forwarding from 0.0.0.0:9000 -> 9090
Handling connection for 9000
Handling connection for 9000
Handling connection for 9000
Handling connection for 9000
Handling connection for 9000
Handling connection for 9000
Handling connection for 9000
Handling connection for 9000
Handling connection for 9000
Handling connection for 9000
Forwarding from 0.0.0.0:8080 -> 9090
Handling connection for 9000
Handling connection for 9000
Handling connection for 9000
Handling connection for 9000
Handling connection for 8080
Handling connection for 8080
Handling connection for 8080
Handling connection for 8080
Handling connection for 8080
Handling connection for 8080
Handling connection for 8080
Handling connection for 8080
Handling connection for 8080
Handling connection for 9000
Handling connection for 9000
Handling connection for 9000
Handling connection for 9000
Handling connection for 9000
Handling connection for 8080
Handling connection for 8080
Handling connection for 8080
Handling connection for 8080
Handling connection for 8080
Handling connection for 9000
Handling connection for 9000
Handling connection for 9000
Handling connection for 9000
Handling connection for 9000
Handling connection for 9000
Handling connection for 9000
Handling connection for 9000
Error: unknown shorthand flag: 'r' in -rm
See 'kubectl port-forward --help' for usage.
Handling connection for 9000
Handling connection for 9000
Handling connection for 9000
Handling connection for 9000
Handling connection for 9000
Handling connection for 8080
Handling connection for 8080
Handling connection for 8080
Handling connection for 8080
E0118 22:39:17.703630   31156 portforward.go:400] an error occurred forwarding 8080 -> 9090: error forwarding port 9090 to pod c600eb093c1103223c550c6f83d0766509a1cc038e55ea92d530b52db4083ad1, uid : exit status 1: nsenter: cannot open /proc/16849/ns/net: No such file or directory
Handling connection for 8080
E0118 22:39:17.714883   31156 portforward.go:400] an error occurred forwarding 8080 -> 9090: error forwarding port 9090 to pod c600eb093c1103223c550c6f83d0766509a1cc038e55ea92d530b52db4083ad1, uid : exit status 1: nsenter: cannot open /proc/16849/ns/net: No such file or directory
E0118 22:39:17.715499   31156 portforward.go:400] an error occurred forwarding 8080 -> 9090: error forwarding port 9090 to pod c600eb093c1103223c550c6f83d0766509a1cc038e55ea92d530b52db4083ad1, uid : exit status 1: nsenter: cannot open /proc/16849/ns/net: No such file or directory
Handling connection for 8080
Handling connection for 8080
E0118 22:39:17.724017   31156 portforward.go:400] an error occurred forwarding 8080 -> 9090: error forwarding port 9090 to pod c600eb093c1103223c550c6f83d0766509a1cc038e55ea92d530b52db4083ad1, uid : exit status 1: nsenter: cannot open /proc/16849/ns/net: No such file or directory
Handling connection for 8080
E0118 22:39:17.746717   31156 portforward.go:400] an error occurred forwarding 8080 -> 9090: error forwarding port 9090 to pod c600eb093c1103223c550c6f83d0766509a1cc038e55ea92d530b52db4083ad1, uid : exit status 1: nsenter: cannot open /proc/16849/ns/net: No such file or directory
Handling connection for 8080
E0118 22:39:17.751267   31156 portforward.go:400] an error occurred forwarding 8080 -> 9090: error forwarding port 9090 to pod c600eb093c1103223c550c6f83d0766509a1cc038e55ea92d530b52db4083ad1, uid : exit status 1: nsenter: cannot open /proc/16849/ns/net: No such file or directory
Handling connection for 8080
E0118 22:39:17.759922   31156 portforward.go:400] an error occurred forwarding 8080 -> 9090: error forwarding port 9090 to pod c600eb093c1103223c550c6f83d0766509a1cc038e55ea92d530b52db4083ad1, uid : exit status 1: nsenter: cannot open /proc/16849/ns/net: No such file or directory
Handling connection for 8080
E0118 22:39:17.791898   31156 portforward.go:400] an error occurred forwarding 8080 -> 9090: error forwarding port 9090 to pod c600eb093c1103223c550c6f83d0766509a1cc038e55ea92d530b52db4083ad1, uid : exit status 1: nsenter: cannot open /proc/16849/ns/net: No such file or directory
Handling connection for 8080
E0118 22:39:17.797941   31156 portforward.go:400] an error occurred forwarding 8080 -> 9090: error forwarding port 9090 to pod c600eb093c1103223c550c6f83d0766509a1cc038e55ea92d530b52db4083ad1, uid : exit status 1: nsenter: cannot open /proc/16849/ns/net: No such file or directory
Handling connection for 8080
E0118 22:39:17.827068   31156 portforward.go:400] an error occurred forwarding 8080 -> 9090: error forwarding port 9090 to pod c600eb093c1103223c550c6f83d0766509a1cc038e55ea92d530b52db4083ad1, uid : exit status 1: nsenter: cannot open /proc/16849/ns/net: No such file or directory
Handling connection for 8080
E0118 22:39:17.860498   31156 portforward.go:400] an error occurred forwarding 8080 -> 9090: error forwarding port 9090 to pod c600eb093c1103223c550c6f83d0766509a1cc038e55ea92d530b52db4083ad1, uid : exit status 1: nsenter: cannot open /proc/16849/ns/net: No such file or directory
E0118 22:39:17.860513   31156 portforward.go:400] an error occurred forwarding 8080 -> 9090: error forwarding port 9090 to pod c600eb093c1103223c550c6f83d0766509a1cc038e55ea92d530b52db4083ad1, uid : exit status 1: nsenter: cannot open /proc/16849/ns/net: No such file or directory
Handling connection for 8080
Handling connection for 8080
E0118 22:39:17.884988   31156 portforward.go:400] an error occurred forwarding 8080 -> 9090: error forwarding port 9090 to pod c600eb093c1103223c550c6f83d0766509a1cc038e55ea92d530b52db4083ad1, uid : exit status 1: nsenter: cannot open /proc/16849/ns/net: No such file or directory
Handling connection for 8080
E0118 22:39:17.892274   31156 portforward.go:400] an error occurred forwarding 8080 -> 9090: error forwarding port 9090 to pod c600eb093c1103223c550c6f83d0766509a1cc038e55ea92d530b52db4083ad1, uid : exit status 1: nsenter: cannot open /proc/16849/ns/net: No such file or directory
Handling connection for 8080
E0118 22:39:17.915898   31156 portforward.go:400] an error occurred forwarding 8080 -> 9090: error forwarding port 9090 to pod c600eb093c1103223c550c6f83d0766509a1cc038e55ea92d530b52db4083ad1, uid : exit status 1: nsenter: cannot open /proc/16849/ns/net: No such file or directory
Handling connection for 8080
E0118 22:39:17.935852   31156 portforward.go:400] an error occurred forwarding 8080 -> 9090: error forwarding port 9090 to pod c600eb093c1103223c550c6f83d0766509a1cc038e55ea92d530b52db4083ad1, uid : exit status 1: nsenter: cannot open /proc/16849/ns/net: No such file or directory
Handling connection for 8080
E0118 22:39:18.227603   31156 portforward.go:400] an error occurred forwarding 8080 -> 9090: error forwarding port 9090 to pod c600eb093c1103223c550c6f83d0766509a1cc038e55ea92d530b52db4083ad1, uid : container not running (c600eb093c1103223c550c6f83d0766509a1cc038e55ea92d530b52db4083ad1)
Handling connection for 8080
E0118 22:39:18.236207   31156 portforward.go:400] an error occurred forwarding 8080 -> 9090: error forwarding port 9090 to pod c600eb093c1103223c550c6f83d0766509a1cc038e55ea92d530b52db4083ad1, uid : container not running (c600eb093c1103223c550c6f83d0766509a1cc038e55ea92d530b52db4083ad1)
E0118 22:39:18.240057   31156 portforward.go:400] an error occurred forwarding 8080 -> 9090: error forwarding port 9090 to pod c600eb093c1103223c550c6f83d0766509a1cc038e55ea92d530b52db4083ad1, uid : container not running (c600eb093c1103223c550c6f83d0766509a1cc038e55ea92d530b52db4083ad1)
Handling connection for 8080
Handling connection for 8080
E0118 22:39:18.257555   31156 portforward.go:400] an error occurred forwarding 8080 -> 9090: error forwarding port 9090 to pod c600eb093c1103223c550c6f83d0766509a1cc038e55ea92d530b52db4083ad1, uid : container not running (c600eb093c1103223c550c6f83d0766509a1cc038e55ea92d530b52db4083ad1)
Handling connection for 8080
Handling connection for 8080
Handling connection for 9000
E0118 22:39:19.609476   18649 portforward.go:400] an error occurred forwarding 9000 -> 9090: error forwarding port 9090 to pod c600eb093c1103223c550c6f83d0766509a1cc038e55ea92d530b52db4083ad1, uid : container not running (c600eb093c1103223c550c6f83d0766509a1cc038e55ea92d530b52db4083ad1)
Handling connection for 9000
E0118 22:39:19.617956   18649 portforward.go:400] an error occurred forwarding 9000 -> 9090: error forwarding port 9090 to pod c600eb093c1103223c550c6f83d0766509a1cc038e55ea92d530b52db4083ad1, uid : container not running (c600eb093c1103223c550c6f83d0766509a1cc038e55ea92d530b52db4083ad1)
Handling connection for 9000
E0118 22:39:19.625711   18649 portforward.go:400] an error occurred forwarding 9000 -> 9090: error forwarding port 9090 to pod c600eb093c1103223c550c6f83d0766509a1cc038e55ea92d530b52db4083ad1, uid : container not running (c600eb093c1103223c550c6f83d0766509a1cc038e55ea92d530b52db4083ad1)
Handling connection for 9000
Handling connection for 9000
Handling connection for 8080
Handling connection for 9000
Handling connection for 9000
Handling connection for 9000
Handling connection for 9000
E0118 22:39:22.081282   18649 portforward.go:400] an error occurred forwarding 9000 -> 9090: error forwarding port 9090 to pod c600eb093c1103223c550c6f83d0766509a1cc038e55ea92d530b52db4083ad1, uid : container not running (c600eb093c1103223c550c6f83d0766509a1cc038e55ea92d530b52db4083ad1)
Handling connection for 9000
Handling connection for 9000
Handling connection for 8080
Handling connection for 9000
Handling connection for 9000
Handling connection for 9000
Handling connection for 9000
Handling connection for 9000
Handling connection for 8080
Handling connection for 9000
Handling connection for 9000
Handling connection for 9000
Handling connection for 8080
Handling connection for 9000
Handling connection for 8080
Handling connection for 9000
Handling connection for 9000
Handling connection for 9000
Handling connection for 9000
Handling connection for 9000
Handling connection for 9000
Handling connection for 9000
Handling connection for 9000
Handling connection for 9000
Handling connection for 9000
Handling connection for 9000
Handling connection for 9000
Handling connection for 8080
Handling connection for 8080
Handling connection for 8080
Handling connection for 8080
E0118 22:39:47.940575   31156 portforward.go:362] error creating forwarding stream for port 8080 -> 9090: Timeout occured
Handling connection for 8080
E0118 22:39:48.231065   31156 portforward.go:340] error creating error stream for port 8080 -> 9090: Timeout occured
Handling connection for 8080
E0118 22:39:48.245487   31156 portforward.go:340] error creating error stream for port 8080 -> 9090: Timeout occured
Handling connection for 8080
E0118 22:39:48.260993   31156 portforward.go:340] error creating error stream for port 8080 -> 9090: Timeout occured
E0118 22:39:48.443790   31156 portforward.go:340] error creating error stream for port 8080 -> 9090: Timeout occured
Handling connection for 8080
Handling connection for 8080
E0118 22:39:49.630195   18649 portforward.go:340] error creating error stream for port 9000 -> 9090: Timeout occured
E0118 22:39:50.622230   18649 portforward.go:362] error creating forwarding stream for port 9000 -> 9090: Timeout occured
E0118 22:39:51.307160   31156 portforward.go:362] error creating forwarding stream for port 8080 -> 9090: Timeout occured
Handling connection for 8080
Handling connection for 8080
E0118 22:39:51.625872   18649 portforward.go:362] error creating forwarding stream for port 9000 -> 9090: Timeout occured
E0118 22:39:52.075959   18649 portforward.go:340] error creating error stream for port 9000 -> 9090: Timeout occured
E0118 22:39:52.076041   18649 portforward.go:340] error creating error stream for port 9000 -> 9090: Timeout occured
E0118 22:39:52.084489   18649 portforward.go:340] error creating error stream for port 9000 -> 9090: Timeout occured
E0118 22:39:53.088701   18649 portforward.go:340] error creating error stream for port 9000 -> 9090: Timeout occured
E0118 22:39:53.442525   31156 portforward.go:340] error creating error stream for port 8080 -> 9090: Timeout occured
Handling connection for 8080
Handling connection for 8080
Handling connection for 8080
Handling connection for 8080
Handling connection for 8080
Handling connection for 8080
Handling connection for 8080
Handling connection for 8080
Handling connection for 8080
Handling connection for 8080
Handling connection for 8080
Handling connection for 8080
Handling connection for 8080
E0118 22:39:54.643445   18649 portforward.go:362] error creating forwarding stream for port 9000 -> 9090: Timeout occured
E0118 22:39:55.607997   18649 portforward.go:340] error creating error stream for port 9000 -> 9090: Timeout occured
E0118 22:39:56.617590   18649 portforward.go:340] error creating error stream for port 9000 -> 9090: Timeout occured
E0118 22:39:57.067426   18649 portforward.go:340] error creating error stream for port 9000 -> 9090: Timeout occured
E0118 22:39:57.078223   18649 portforward.go:362] error creating forwarding stream for port 9000 -> 9090: Timeout occured
E0118 22:39:58.439905   31156 portforward.go:340] error creating error stream for port 8080 -> 9090: Timeout occured
Handling connection for 8080
Handling connection for 8080
Handling connection for 8080
Handling connection for 8080
Handling connection for 8080
Handling connection for 8080
Handling connection for 8080
Handling connection for 8080
Handling connection for 8080
Handling connection for 8080
Handling connection for 8080
Handling connection for 8080
Handling connection for 8080
Handling connection for 8080
E0118 22:39:59.613915   18649 portforward.go:340] error creating error stream for port 9000 -> 9090: Timeout occured
E0118 22:40:00.615937   18649 portforward.go:340] error creating error stream for port 9000 -> 9090: Timeout occured
E0118 22:40:01.616054   18649 portforward.go:340] error creating error stream for port 9000 -> 9090: Timeout occured
E0118 22:40:02.167929   31156 portforward.go:340] error creating error stream for port 8080 -> 9090: Timeout occured
E0118 22:40:02.634920   18649 portforward.go:362] error creating forwarding stream for port 9000 -> 9090: Timeout occured
E0118 22:40:03.443186   31156 portforward.go:362] error creating forwarding stream for port 8080 -> 9090: Timeout occured
Handling connection for 8080
Handling connection for 8080
Handling connection for 8080
Handling connection for 8080
Handling connection for 8080
Handling connection for 8080
Handling connection for 8080
Handling connection for 8080
Handling connection for 8080
Handling connection for 8080
Handling connection for 8080
Handling connection for 8080
Handling connection for 8080
Handling connection for 8080
E0118 22:40:03.667570   18649 portforward.go:340] error creating error stream for port 9000 -> 9090: Timeout occured
E0118 22:40:03.781406   18649 portforward.go:340] error creating error stream for port 9000 -> 9090: Timeout occured
E0118 22:40:04.608807   18649 portforward.go:340] error creating error stream for port 9000 -> 9090: Timeout occured
E0118 22:40:05.662324   18649 portforward.go:362] error creating forwarding stream for port 9000 -> 9090: Timeout occured
E0118 22:40:07.598256   18649 portforward.go:340] error creating error stream for port 9000 -> 9090: Timeout occured
E0118 22:40:07.628504   18649 portforward.go:340] error creating error stream for port 9000 -> 9090: Timeout occured
Handling connection for 8080
Handling connection for 8080
Handling connection for 8080
Handling connection for 8080
Handling connection for 8080
Handling connection for 8080
Handling connection for 8080
E0118 22:40:08.678793   18649 portforward.go:340] error creating error stream for port 9000 -> 9090: Timeout occured
E0118 22:40:08.679041   31156 portforward.go:340] error creating error stream for port 8080 -> 9090: Timeout occured
Handling connection for 8080
Handling connection for 8080
Handling connection for 8080E0118 22:40:08.773342   18649 portforward.go:362] error creating forwarding stream for port 9000 -> 9090: Timeout occured
E0118 22:40:09.626992   18649 portforward.go:340] error creating error stream for port 9000 -> 9090: Timeout occured
E0118 22:40:10.635953   18649 portforward.go:340] error creating error stream for port 9000 -> 9090: Timeout occured
E0118 22:40:11.615410   18649 portforward.go:340] error creating error stream for port 9000 -> 9090: Timeout occured
E0118 22:40:12.970443   18649 portforward.go:362] error creating forwarding stream for port 9000 -> 9090: Timeout occured
E0118 22:40:13.444406   31156 portforward.go:340] error creating error stream for port 8080 -> 9090: Timeout occured
Handling connection for 8080
Handling connection for 8080
Handling connection for 8080
Handling connection for 8080
Handling connection for 8080
Handling connection for 8080
Handling connection for 8080
Handling connection for 8080
Handling connection for 8080
Handling connection for 8080
Handling connection for 8080
Handling connection for 8080
Handling connection for 8080
Handling connection for 8080
E0118 22:40:15.816530   31156 portforward.go:340] error creating error stream for port 8080 -> 9090: Timeout occured
E0118 22:40:15.933250   31156 portforward.go:362] error creating forwarding stream for port 8080 -> 9090: Timeout occured
E0118 22:40:17.650859   31156 portforward.go:340] error creating error stream for port 8080 -> 9090: Timeout occured
E0118 22:40:17.944953   31156 portforward.go:340] error creating error stream for port 8080 -> 9090: Timeout occured
Handling connection for 8080
E0118 22:40:18.236645   31156 portforward.go:340] error creating error stream for port 8080 -> 9090: Timeout occured
Handling connection for 8080
E0118 22:40:18.251150   31156 portforward.go:362] error creating forwarding stream for port 8080 -> 9090: Timeout occured
Handling connection for 8080
E0118 22:40:18.455798   31156 portforward.go:340] error creating error stream for port 8080 -> 9090: Timeout occured
Handling connection for 8080
Handling connection for 8080
Handling connection for 8080
Handling connection for 8080
Handling connection for 8080
Handling connection for 8080
E0118 22:40:18.591810   31156 portforward.go:340] error creating error stream for port 8080 -> 9090: Timeout occured
Handling connection for 8080
Handling connection for 8080
Handling connection for 8080
Handling connection for 8080
Handling connection for 8080
Handling connection for 8080
Handling connection for 8080
Handling connection for 8080
E0118 22:40:21.430945   31156 portforward.go:340] error creating error stream for port 8080 -> 9090: Timeout occured
E0118 22:40:21.439612   31156 portforward.go:362] error creating forwarding stream for port 8080 -> 9090: Timeout occured
Handling connection for 8080
Handling connection for 8080
E0118 22:40:23.476280   31156 portforward.go:340] error creating error stream for port 8080 -> 9090: Timeout occured
Handling connection for 8080
E0118 22:40:23.483861   31156 portforward.go:340] error creating error stream for port 8080 -> 9090: Timeout occured
E0118 22:40:23.492691   31156 portforward.go:340] error creating error stream for port 8080 -> 9090: Timeout occured
Handling connection for 8080
E0118 22:40:23.501879   31156 portforward.go:340] error creating error stream for port 8080 -> 9090: Timeout occured
E0118 22:40:23.507635   31156 portforward.go:340] error creating error stream for port 8080 -> 9090: Timeout occured
E0118 22:40:23.507826   31156 portforward.go:362] error creating forwarding stream for port 8080 -> 9090: Timeout occured
Handling connection for 8080
E0118 22:40:23.519565   31156 portforward.go:340] error creating error stream for port 8080 -> 9090: Timeout occured
E0118 22:40:23.526976   31156 portforward.go:362] error creating forwarding stream for port 8080 -> 9090: Timeout occured
E0118 22:40:23.534366   31156 portforward.go:340] error creating error stream for port 8080 -> 9090: Timeout occured
E0118 22:40:23.539571   31156 portforward.go:340] error creating error stream for port 8080 -> 9090: Timeout occured
E0118 22:40:23.546057   31156 portforward.go:340] error creating error stream for port 8080 -> 9090: Timeout occured
Handling connection for 8080
E0118 22:40:23.562873   31156 portforward.go:362] error creating forwarding stream for port 8080 -> 9090: Timeout occured
Handling connection for 8080
E0118 22:40:23.596508   31156 portforward.go:340] error creating error stream for port 8080 -> 9090: Timeout occured
Handling connection for 8080
Handling connection for 8080
Handling connection for 8080
Handling connection for 8080
Handling connection for 8080
Handling connection for 8080
Handling connection for 8080
Handling connection for 8080
Handling connection for 8080
Handling connection for 8080
Handling connection for 8080
Handling connection for 8080
Handling connection for 8080
Handling connection for 8080
Handling connection for 8080
Handling connection for 8080
Handling connection for 8080
Handling connection for 8080
Handling connection for 8080
Handling connection for 8080
Handling connection for 8080
Handling connection for 8080
Handling connection for 8080
Handling connection for 8080
E0118 22:40:28.454778   31156 portforward.go:340] error creating error stream for port 8080 -> 9090: Timeout occured
E0118 22:40:28.480725   31156 portforward.go:340] error creating error stream for port 8080 -> 9090: Timeout occured
E0118 22:40:28.500642   31156 portforward.go:340] error creating error stream for port 8080 -> 9090: Timeout occured
E0118 22:40:28.511520   31156 portforward.go:340] error creating error stream for port 8080 -> 9090: Timeout occured
E0118 22:40:28.515506   31156 portforward.go:362] error creating forwarding stream for port 8080 -> 9090: Timeout occured
E0118 22:40:28.515546   31156 portforward.go:340] error creating error stream for port 8080 -> 9090: Timeout occured
E0118 22:40:28.529267   31156 portforward.go:362] error creating forwarding stream for port 8080 -> 9090: Timeout occured
E0118 22:40:28.544498   31156 portforward.go:340] error creating error stream for port 8080 -> 9090: Timeout occured
E0118 22:40:28.558478   31156 portforward.go:340] error creating error stream for port 8080 -> 9090: Timeout occured
E0118 22:40:28.591697   31156 portforward.go:340] error creating error stream for port 8080 -> 9090: Timeout occured
E0118 22:40:28.595123   31156 portforward.go:340] error creating error stream for port 8080 -> 9090: Timeout occured
E0118 22:40:28.606334   31156 portforward.go:340] error creating error stream for port 8080 -> 9090: Timeout occured
E0118 22:40:28.607279   31156 portforward.go:362] error creating forwarding stream for port 8080 -> 9090: Timeout occured
E0118 22:40:28.620478   31156 portforward.go:340] error creating error stream for port 8080 -> 9090: Timeout occured
Handling connection for 8080
Handling connection for 8080
Handling connection for 8080
Handling connection for 8080
Handling connection for 8080
Handling connection for 8080
Handling connection for 8080
Handling connection for 8080
Handling connection for 8080
Handling connection for 8080
Handling connection for 8080
Handling connection for 8080
Handling connection for 8080
E0118 22:40:33.459614   31156 portforward.go:362] error creating forwarding stream for port 8080 -> 9090: Timeout occured
E0118 22:40:33.478913   31156 portforward.go:340] error creating error stream for port 8080 -> 9090: Timeout occured
E0118 22:40:33.492582   31156 portforward.go:340] error creating error stream for port 8080 -> 9090: Timeout occured
E0118 22:40:33.501336   31156 portforward.go:340] error creating error stream for port 8080 -> 9090: Timeout occured
E0118 22:40:33.511672   31156 portforward.go:362] error creating forwarding stream for port 8080 -> 9090: Timeout occured
E0118 22:40:33.518306   31156 portforward.go:340] error creating error stream for port 8080 -> 9090: Timeout occured
E0118 22:40:33.521943   31156 portforward.go:340] error creating error stream for port 8080 -> 9090: Timeout occured
E0118 22:40:33.539848   31156 portforward.go:340] error creating error stream for port 8080 -> 9090: Timeout occured
E0118 22:40:33.563707   31156 portforward.go:362] error creating forwarding stream for port 8080 -> 9090: Timeout occured
E0118 22:40:33.565123   31156 portforward.go:340] error creating error stream for port 8080 -> 9090: Timeout occured
E0118 22:40:33.577483   31156 portforward.go:340] error creating error stream for port 8080 -> 9090: Timeout occured
E0118 22:40:33.593876   31156 portforward.go:340] error creating error stream for port 8080 -> 9090: Timeout occured
E0118 22:40:33.606409   31156 portforward.go:362] error creating forwarding stream for port 8080 -> 9090: Timeout occured
E0118 22:40:33.624105   31156 portforward.go:340] error creating error stream for port 8080 -> 9090: Timeout occured
Handling connection for 8080
Handling connection for 8080
Handling connection for 8080
Handling connection for 8080
Handling connection for 8080
Handling connection for 8080
Handling connection for 8080
Handling connection for 8080
Handling connection for 8080
Handling connection for 8080
Handling connection for 8080
Handling connection for 8080
Handling connection for 8080
Handling connection for 8080
E0118 22:40:38.456302   31156 portforward.go:340] error creating error stream for port 8080 -> 9090: Timeout occured
E0118 22:40:38.479921   31156 portforward.go:340] error creating error stream for port 8080 -> 9090: Timeout occured
E0118 22:40:38.498887   31156 portforward.go:362] error creating forwarding stream for port 8080 -> 9090: Timeout occured
E0118 22:40:38.515943   31156 portforward.go:340] error creating error stream for port 8080 -> 9090: Timeout occured
E0118 22:40:38.548377   31156 portforward.go:340] error creating error stream for port 8080 -> 9090: Timeout occured
E0118 22:40:38.555516   31156 portforward.go:340] error creating error stream for port 8080 -> 9090: Timeout occured
E0118 22:40:38.619042   31156 portforward.go:362] error creating forwarding stream for port 8080 -> 9090: Timeout occured
E0118 22:40:38.697449   31156 portforward.go:340] error creating error stream for port 8080 -> 9090: Timeout occured
E0118 22:40:38.697817   31156 portforward.go:340] error creating error stream for port 8080 -> 9090: Timeout occured
E0118 22:40:38.697824   31156 portforward.go:340] error creating error stream for port 8080 -> 9090: Timeout occured
E0118 22:40:38.698480   31156 portforward.go:340] error creating error stream for port 8080 -> 9090: Timeout occured
E0118 22:40:38.698529   31156 portforward.go:340] error creating error stream for port 8080 -> 9090: Timeout occured
E0118 22:40:38.698818   31156 portforward.go:340] error creating error stream for port 8080 -> 9090: Timeout occured
E0118 22:40:38.702538   31156 portforward.go:362] error creating forwarding stream for port 8080 -> 9090: Timeout occured
Handling connection for 8080
Handling connection for 8080
Handling connection for 8080
Handling connection for 8080
Handling connection for 8080
Handling connection for 8080
Handling connection for 8080
Handling connection for 8080
Handling connection for 8080
Handling connection for 8080
Handling connection for 8080
Handling connection for 8080
Handling connection for 8080
Handling connection for 8080
E0118 22:40:43.464712   31156 portforward.go:362] error creating forwarding stream for port 8080 -> 9090: Timeout occured
E0118 22:40:43.479256   31156 portforward.go:340] error creating error stream for port 8080 -> 9090: Timeout occured
E0118 22:40:43.494423   31156 portforward.go:340] error creating error stream for port 8080 -> 9090: Timeout occured
E0118 22:40:43.513933   31156 portforward.go:340] error creating error stream for port 8080 -> 9090: Timeout occured
E0118 22:40:43.562713   31156 portforward.go:340] error creating error stream for port 8080 -> 9090: Timeout occured
E0118 22:40:43.566658   31156 portforward.go:362] error creating forwarding stream for port 8080 -> 9090: Timeout occured
E0118 22:40:43.613275   31156 portforward.go:340] error creating error stream for port 8080 -> 9090: Timeout occured
E0118 22:40:43.629522   31156 portforward.go:340] error creating error stream for port 8080 -> 9090: Timeout occured
E0118 22:40:43.649462   31156 portforward.go:362] error creating forwarding stream for port 8080 -> 9090: Timeout occured
E0118 22:40:43.678874   31156 portforward.go:340] error creating error stream for port 8080 -> 9090: Timeout occured
E0118 22:40:43.680744   31156 portforward.go:340] error creating error stream for port 8080 -> 9090: Timeout occured
E0118 22:40:43.694524   31156 portforward.go:340] error creating error stream for port 8080 -> 9090: Timeout occured
E0118 22:40:43.736481   31156 portforward.go:340] error creating error stream for port 8080 -> 9090: Timeout occured
E0118 22:40:43.739355   31156 portforward.go:362] error creating forwarding stream for port 8080 -> 9090: Timeout occured
Handling connection for 8080
Handling connection for 8080
Handling connection for 8080
Handling connection for 8080
Handling connection for 8080
Handling connection for 8080
Handling connection for 8080
Handling connection for 8080
Handling connection for 8080
Handling connection for 8080
Handling connection for 8080
Handling connection for 8080
Handling connection for 8080
Handling connection for 8080
E0118 22:40:47.956676   31156 portforward.go:340] error creating error stream for port 8080 -> 9090: Timeout occured
E0118 22:40:48.242687   31156 portforward.go:340] error creating error stream for port 8080 -> 9090: Timeout occured
E0118 22:40:48.258990   31156 portforward.go:362] error creating forwarding stream for port 8080 -> 9090: Timeout occured
E0118 22:40:48.460518   31156 portforward.go:340] error creating error stream for port 8080 -> 9090: Timeout occured
E0118 22:40:48.480102   31156 portforward.go:340] error creating error stream for port 8080 -> 9090: Timeout occured
E0118 22:40:48.496412   31156 portforward.go:340] error creating error stream for port 8080 -> 9090: Timeout occured
E0118 22:40:48.514039   31156 portforward.go:362] error creating forwarding stream for port 8080 -> 9090: Timeout occured
E0118 22:40:48.559432   31156 portforward.go:340] error creating error stream for port 8080 -> 9090: Timeout occured
E0118 22:40:48.580374   31156 portforward.go:340] error creating error stream for port 8080 -> 9090: Timeout occured
E0118 22:40:48.615525   31156 portforward.go:340] error creating error stream for port 8080 -> 9090: Timeout occured
E0118 22:40:48.631633   31156 portforward.go:362] error creating forwarding stream for port 8080 -> 9090: Timeout occured
E0118 22:40:48.646530   31156 portforward.go:340] error creating error stream for port 8080 -> 9090: Timeout occured
E0118 22:40:48.695558   31156 portforward.go:340] error creating error stream for port 8080 -> 9090: Timeout occured
E0118 22:40:48.695639   31156 portforward.go:340] error creating error stream for port 8080 -> 9090: Timeout occured
E0118 22:40:48.697560   31156 portforward.go:362] error creating forwarding stream for port 8080 -> 9090: Timeout occured
Handling connection for 8080
Handling connection for 8080
Handling connection for 8080
E0118 22:40:48.727850   31156 portforward.go:340] error creating error stream for port 8080 -> 9090: Timeout occured
E0118 22:40:48.727849   31156 portforward.go:340] error creating error stream for port 8080 -> 9090: Timeout occured
Handling connection for 8080
E0118 22:40:51.445289   31156 portforward.go:340] error creating error stream for port 8080 -> 9090: Timeout occured
E0118 22:40:51.447119   31156 portforward.go:362] error creating forwarding stream for port 8080 -> 9090: Timeout occured
Handling connection for 8080
Handling connection for 8080
Handling connection for 8080
Handling connection for 8080
Handling connection for 8080
Handling connection for 8080
Handling connection for 8080
Handling connection for 8080
Handling connection for 8080
Handling connection for 8080
Handling connection for 8080
Handling connection for 8080
Handling connection for 8080
E0118 22:40:53.481634   31156 portforward.go:340] error creating error stream for port 8080 -> 9090: Timeout occured
E0118 22:40:53.497808   31156 portforward.go:340] error creating error stream for port 8080 -> 9090: Timeout occured
E0118 22:40:53.514936   31156 portforward.go:340] error creating error stream for port 8080 -> 9090: Timeout occured
E0118 22:40:53.567388   31156 portforward.go:362] error creating forwarding stream for port 8080 -> 9090: Timeout occured
E0118 22:40:53.580935   31156 portforward.go:340] error creating error stream for port 8080 -> 9090: Timeout occured
E0118 22:40:53.627941   31156 portforward.go:340] error creating error stream for port 8080 -> 9090: Timeout occured
E0118 22:40:53.643500   31156 portforward.go:340] error creating error stream for port 8080 -> 9090: Timeout occured
E0118 22:40:53.650414   31156 portforward.go:362] error creating forwarding stream for port 8080 -> 9090: Timeout occured
E0118 22:40:53.679734   31156 portforward.go:340] error creating error stream for port 8080 -> 9090: Timeout occured
E0118 22:40:53.697880   31156 portforward.go:340] error creating error stream for port 8080 -> 9090: Timeout occured
E0118 22:40:53.698559   31156 portforward.go:340] error creating error stream for port 8080 -> 9090: Timeout occured
E0118 22:40:53.733754   31156 portforward.go:362] error creating forwarding stream for port 8080 -> 9090: Timeout occured
E0118 22:40:53.746340   31156 portforward.go:340] error creating error stream for port 8080 -> 9090: Timeout occured
Handling connection for 8080
E0118 22:40:56.528388   31156 portforward.go:340] error creating error stream for port 8080 -> 9090: Timeout occured
E0118 22:40:56.537282   31156 portforward.go:340] error creating error stream for port 8080 -> 9090: Timeout occured
E0118 22:40:56.552861   31156 portforward.go:362] error creating forwarding stream for port 8080 -> 9090: Timeout occured
Handling connection for 8080
Handling connection for 8080
Handling connection for 8080
Handling connection for 8080
Handling connection for 8080
Handling connection for 8080
Handling connection for 8080
Handling connection for 8080
Handling connection for 8080
Handling connection for 8080
Handling connection for 8080
Handling connection for 8080
Handling connection for 8080
E0118 22:40:56.776613   31156 portforward.go:340] error creating error stream for port 8080 -> 9090: Timeout occured
E0118 22:40:56.776715   31156 portforward.go:340] error creating error stream for port 8080 -> 9090: Timeout occured
E0118 22:40:56.779303   31156 portforward.go:340] error creating error stream for port 8080 -> 9090: Timeout occured
E0118 22:40:56.782760   31156 portforward.go:340] error creating error stream for port 8080 -> 9090: Timeout occured
E0118 22:40:56.785375   31156 portforward.go:340] error creating error stream for port 8080 -> 9090: Timeout occured
E0118 22:40:56.786027   31156 portforward.go:340] error creating error stream for port 8080 -> 9090: Timeout occured
E0118 22:40:56.789282   31156 portforward.go:340] error creating error stream for port 8080 -> 9090: Timeout occured
E0118 22:40:56.794129   31156 portforward.go:362] error creating forwarding stream for port 8080 -> 9090: Timeout occured
E0118 22:40:56.794129   31156 portforward.go:340] error creating error stream for port 8080 -> 9090: Timeout occured
E0118 22:40:56.798228   31156 portforward.go:362] error creating forwarding stream for port 8080 -> 9090: Timeout occured
E0118 22:40:56.867020   31156 portforward.go:340] error creating error stream for port 8080 -> 9090: Timeout occured
E0118 22:40:57.124203   31156 portforward.go:362] error creating forwarding stream for port 8080 -> 9090: Timeout occured
E0118 22:40:57.897941   31156 portforward.go:340] error creating error stream for port 8080 -> 9090: Timeout occured
Handling connection for 8080
Handling connection for 8080
E0118 22:41:01.621096   31156 portforward.go:340] error creating error stream for port 8080 -> 9090: Timeout occured
Handling connection for 8080
E0118 22:41:01.631874   31156 portforward.go:340] error creating error stream for port 8080 -> 9090: Timeout occured
Handling connection for 8080
Handling connection for 8080
E0118 22:41:01.648954   31156 portforward.go:340] error creating error stream for port 8080 -> 9090: Timeout occured
Handling connection for 8080
E0118 22:41:01.649950   31156 portforward.go:362] error creating forwarding stream for port 8080 -> 9090: Timeout occured
E0118 22:41:01.656757   31156 portforward.go:340] error creating error stream for port 8080 -> 9090: Timeout occured
Handling connection for 8080
Handling connection for 8080
Handling connection for 8080
Handling connection for 8080
E0118 22:41:01.691621   31156 portforward.go:340] error creating error stream for port 8080 -> 9090: Timeout occured
E0118 22:41:01.692607   31156 portforward.go:340] error creating error stream for port 8080 -> 9090: Timeout occured
E0118 22:41:01.695933   31156 portforward.go:340] error creating error stream for port 8080 -> 9090: Timeout occured
E0118 22:41:01.696251   31156 portforward.go:340] error creating error stream for port 8080 -> 9090: Timeout occured
E0118 22:41:01.698557   31156 portforward.go:362] error creating forwarding stream for port 8080 -> 9090: Timeout occured
Handling connection for 8080
E0118 22:41:01.710809   31156 portforward.go:362] error creating forwarding stream for port 8080 -> 9090: Timeout occured
Handling connection for 8080
E0118 22:41:01.721455   31156 portforward.go:340] error creating error stream for port 8080 -> 9090: Timeout occured
Handling connection for 8080
E0118 22:41:01.735108   31156 portforward.go:340] error creating error stream for port 8080 -> 9090: Timeout occured
Handling connection for 8080
Handling connection for 8080
E0118 22:41:03.747838   31156 portforward.go:340] error creating error stream for port 8080 -> 9090: Timeout occured
Handling connection for 8080
E0118 22:41:06.620859   31156 portforward.go:362] error creating forwarding stream for port 8080 -> 9090: Timeout occured
Handling connection for 8080
Handling connection for 8080
E0118 22:41:06.633365   31156 portforward.go:340] error creating error stream for port 8080 -> 9090: Timeout occured
E0118 22:41:06.639994   31156 portforward.go:340] error creating error stream for port 8080 -> 9090: Timeout occured
Handling connection for 8080
Handling connection for 8080
E0118 22:41:06.649998   31156 portforward.go:340] error creating error stream for port 8080 -> 9090: Timeout occured
Handling connection for 8080
E0118 22:41:06.660562   31156 portforward.go:362] error creating forwarding stream for port 8080 -> 9090: Timeout occured
E0118 22:41:06.664527   31156 portforward.go:340] error creating error stream for port 8080 -> 9090: Timeout occured
Handling connection for 8080
E0118 22:41:06.673875   31156 portforward.go:340] error creating error stream for port 8080 -> 9090: Timeout occured
Handling connection for 8080
E0118 22:41:06.680299   31156 portforward.go:340] error creating error stream for port 8080 -> 9090: Timeout occured
Handling connection for 8080
E0118 22:41:06.693113   31156 portforward.go:362] error creating forwarding stream for port 8080 -> 9090: Timeout occured
E0118 22:41:06.705921   31156 portforward.go:340] error creating error stream for port 8080 -> 9090: Timeout occured
Handling connection for 8080
E0118 22:41:06.716847   31156 portforward.go:340] error creating error stream for port 8080 -> 9090: Timeout occured
Handling connection for 8080
E0118 22:41:06.725805   31156 portforward.go:340] error creating error stream for port 8080 -> 9090: Timeout occured
Handling connection for 8080
E0118 22:41:06.738843   31156 portforward.go:362] error creating forwarding stream for port 8080 -> 9090: Timeout occured
Handling connection for 8080
Handling connection for 8080
Handling connection for 8080
E0118 22:41:08.752559   31156 portforward.go:340] error creating error stream for port 8080 -> 9090: Timeout occured
E0118 22:41:11.621066   31156 portforward.go:340] error creating error stream for port 8080 -> 9090: Timeout occured
Handling connection for 8080
E0118 22:41:11.633772   31156 portforward.go:340] error creating error stream for port 8080 -> 9090: Timeout occured
E0118 22:41:11.642414   31156 portforward.go:362] error creating forwarding stream for port 8080 -> 9090: Timeout occured
Handling connection for 8080
E0118 22:41:11.648576   31156 portforward.go:340] error creating error stream for port 8080 -> 9090: Timeout occured
Handling connection for 8080
E0118 22:41:11.658069   31156 portforward.go:340] error creating error stream for port 8080 -> 9090: Timeout occured
Handling connection for 8080
E0118 22:41:11.669684   31156 portforward.go:340] error creating error stream for port 8080 -> 9090: Timeout occured
Handling connection for 8080
E0118 22:41:11.684460   31156 portforward.go:340] error creating error stream for port 8080 -> 9090: Timeout occured
E0118 22:41:11.686702   31156 portforward.go:362] error creating forwarding stream for port 8080 -> 9090: Timeout occured
Handling connection for 8080
E0118 22:41:11.694293   31156 portforward.go:340] error creating error stream for port 8080 -> 9090: Timeout occured
Handling connection for 8080
E0118 22:41:11.704908   31156 portforward.go:340] error creating error stream for port 8080 -> 9090: Timeout occured
Handling connection for 8080
Handling connection for 8080
E0118 22:41:11.716864   31156 portforward.go:362] error creating forwarding stream for port 8080 -> 9090: Timeout occured
E0118 22:41:11.722572   31156 portforward.go:340] error creating error stream for port 8080 -> 9090: Timeout occured
Handling connection for 8080
E0118 22:41:11.734401   31156 portforward.go:340] error creating error stream for port 8080 -> 9090: Timeout occured
Handling connection for 8080
Handling connection for 8080
Handling connection for 8080
Handling connection for 8080
E0118 22:41:13.754177   31156 portforward.go:340] error creating error stream for port 8080 -> 9090: Timeout occured
E0118 22:41:16.622679   31156 portforward.go:362] error creating forwarding stream for port 8080 -> 9090: Timeout occured
Handling connection for 8080
E0118 22:41:16.631513   31156 portforward.go:340] error creating error stream for port 8080 -> 9090: Timeout occured
E0118 22:41:16.640278   31156 portforward.go:340] error creating error stream for port 8080 -> 9090: Timeout occured
Handling connection for 8080
E0118 22:41:16.649593   31156 portforward.go:340] error creating error stream for port 8080 -> 9090: Timeout occured
Handling connection for 8080
E0118 22:41:16.665231   31156 portforward.go:362] error creating forwarding stream for port 8080 -> 9090: Timeout occured
Handling connection for 8080
Handling connection for 8080
E0118 22:41:16.686470   31156 portforward.go:340] error creating error stream for port 8080 -> 9090: Timeout occured
E0118 22:41:16.686546   31156 portforward.go:340] error creating error stream for port 8080 -> 9090: Timeout occured
E0118 22:41:16.691380   31156 portforward.go:340] error creating error stream for port 8080 -> 9090: Timeout occured
Handling connection for 8080
E0118 22:41:16.700497   31156 portforward.go:362] error creating forwarding stream for port 8080 -> 9090: Timeout occured
Handling connection for 8080
E0118 22:41:16.706009   31156 portforward.go:340] error creating error stream for port 8080 -> 9090: Timeout occured
Handling connection for 8080
Handling connection for 8080
E0118 22:41:16.718741   31156 portforward.go:340] error creating error stream for port 8080 -> 9090: Timeout occured
E0118 22:41:16.725456   31156 portforward.go:340] error creating error stream for port 8080 -> 9090: Timeout occured
E0118 22:41:16.736753   31156 portforward.go:340] error creating error stream for port 8080 -> 9090: Timeout occured
Handling connection for 8080
Handling connection for 8080
Handling connection for 8080
Handling connection for 8080
E0118 22:41:18.713163   31156 portforward.go:340] error creating error stream for port 8080 -> 9090: Timeout occured
E0118 22:41:18.713547   31156 portforward.go:340] error creating error stream for port 8080 -> 9090: Timeout occured
E0118 22:41:18.713672   31156 portforward.go:340] error creating error stream for port 8080 -> 9090: Timeout occured
E0118 22:41:18.750718   31156 portforward.go:340] error creating error stream for port 8080 -> 9090: Timeout occured
Handling connection for 8080
E0118 22:41:21.622670   31156 portforward.go:340] error creating error stream for port 8080 -> 9090: Timeout occured
Handling connection for 8080
E0118 22:41:21.632612   31156 portforward.go:340] error creating error stream for port 8080 -> 9090: Timeout occured
E0118 22:41:21.643545   31156 portforward.go:340] error creating error stream for port 8080 -> 9090: Timeout occured
Handling connection for 8080
E0118 22:41:21.659493   31156 portforward.go:340] error creating error stream for port 8080 -> 9090: Timeout occured
Handling connection for 8080
E0118 22:41:21.665105   31156 portforward.go:340] error creating error stream for port 8080 -> 9090: Timeout occured
Handling connection for 8080
E0118 22:41:21.678570   31156 portforward.go:340] error creating error stream for port 8080 -> 9090: Timeout occured
Handling connection for 8080
E0118 22:41:21.680352   31156 portforward.go:340] error creating error stream for port 8080 -> 9090: Timeout occured
E0118 22:41:21.691774   31156 portforward.go:340] error creating error stream for port 8080 -> 9090: Timeout occured
Handling connection for 8080
Handling connection for 8080
E0118 22:41:21.711306   31156 portforward.go:340] error creating error stream for port 8080 -> 9090: Timeout occured
Handling connection for 8080
Handling connection for 8080
Handling connection for 8080
E0118 22:41:21.721828   31156 portforward.go:340] error creating error stream for port 8080 -> 9090: Timeout occured
E0118 22:41:21.725630   31156 portforward.go:340] error creating error stream for port 8080 -> 9090: Timeout occured
Handling connection for 8080
Handling connection for 8080
Handling connection for 8080
E0118 22:41:21.740953   31156 portforward.go:340] error creating error stream for port 8080 -> 9090: Timeout occured
Handling connection for 8080
E0118 22:41:21.748346   31156 portforward.go:340] error creating error stream for port 8080 -> 9090: Timeout occured
Handling connection for 8080
Handling connection for 8080
E0118 22:41:23.751799   31156 portforward.go:340] error creating error stream for port 8080 -> 9090: Timeout occured
Handling connection for 8080
Handling connection for 8080
Handling connection for 8080
Handling connection for 8080
Handling connection for 8080
Handling connection for 8080
Handling connection for 8080
E0118 22:41:26.622271   31156 portforward.go:340] error creating error stream for port 8080 -> 9090: Timeout occured
E0118 22:41:26.632723   31156 portforward.go:340] error creating error stream for port 8080 -> 9090: Timeout occured
E0118 22:41:26.639556   31156 portforward.go:340] error creating error stream for port 8080 -> 9090: Timeout occured
E0118 22:41:26.650499   31156 portforward.go:340] error creating error stream for port 8080 -> 9090: Timeout occured
E0118 22:41:26.662066   31156 portforward.go:340] error creating error stream for port 8080 -> 9090: Timeout occured
E0118 22:41:26.680184   31156 portforward.go:340] error creating error stream for port 8080 -> 9090: Timeout occured
E0118 22:41:26.680285   31156 portforward.go:340] error creating error stream for port 8080 -> 9090: Timeout occured
E0118 22:41:26.693007   31156 portforward.go:340] error creating error stream for port 8080 -> 9090: Timeout occured
E0118 22:41:26.709165   31156 portforward.go:340] error creating error stream for port 8080 -> 9090: Timeout occured
E0118 22:41:26.721760   31156 portforward.go:340] error creating error stream for port 8080 -> 9090: Timeout occured
E0118 22:41:26.727597   31156 portforward.go:340] error creating error stream for port 8080 -> 9090: Timeout occured
E0118 22:41:26.741383   31156 portforward.go:340] error creating error stream for port 8080 -> 9090: Timeout occured
E0118 22:41:26.757962   31156 portforward.go:340] error creating error stream for port 8080 -> 9090: Timeout occured
E0118 22:41:27.903449   31156 portforward.go:340] error creating error stream for port 8080 -> 9090: Timeout occured
E0118 22:41:27.903460   31156 portforward.go:340] error creating error stream for port 8080 -> 9090: Timeout occured
E0118 22:41:31.623734   31156 portforward.go:340] error creating error stream for port 8080 -> 9090: Timeout occured
E0118 22:41:31.634373   31156 portforward.go:340] error creating error stream for port 8080 -> 9090: Timeout occured
E0118 22:41:31.642944   31156 portforward.go:340] error creating error stream for port 8080 -> 9090: Timeout occured
E0118 22:41:31.651243   31156 portforward.go:340] error creating error stream for port 8080 -> 9090: Timeout occured
E0118 22:41:31.660542   31156 portforward.go:340] error creating error stream for port 8080 -> 9090: Timeout occured
E0118 22:41:31.672975   31156 portforward.go:340] error creating error stream for port 8080 -> 9090: Timeout occured
E0118 22:41:31.681863   31156 portforward.go:340] error creating error stream for port 8080 -> 9090: Timeout occured
E0118 22:41:31.692860   31156 portforward.go:340] error creating error stream for port 8080 -> 9090: Timeout occured
E0118 22:41:31.710284   31156 portforward.go:340] error creating error stream for port 8080 -> 9090: Timeout occured
E0118 22:41:31.722293   31156 portforward.go:340] error creating error stream for port 8080 -> 9090: Timeout occured
E0118 22:41:31.727949   31156 portforward.go:340] error creating error stream for port 8080 -> 9090: Timeout occured
E0118 22:41:31.752307   31156 portforward.go:340] error creating error stream for port 8080 -> 9090: Timeout occured
E0118 22:41:31.752307   31156 portforward.go:340] error creating error stream for port 8080 -> 9090: Timeout occured
E0118 22:41:33.750567   31156 portforward.go:340] error creating error stream for port 8080 -> 9090: Timeout occured
E0118 22:41:36.626274   31156 portforward.go:340] error creating error stream for port 8080 -> 9090: Timeout occured
E0118 22:41:36.634316   31156 portforward.go:340] error creating error stream for port 8080 -> 9090: Timeout occured
E0118 22:41:36.642966   31156 portforward.go:340] error creating error stream for port 8080 -> 9090: Timeout occured
E0118 22:41:36.650816   31156 portforward.go:340] error creating error stream for port 8080 -> 9090: Timeout occured
E0118 22:41:36.661571   31156 portforward.go:340] error creating error stream for port 8080 -> 9090: Timeout occured
E0118 22:41:36.681946   31156 portforward.go:340] error creating error stream for port 8080 -> 9090: Timeout occured
E0118 22:41:36.683900   31156 portforward.go:340] error creating error stream for port 8080 -> 9090: Timeout occured
E0118 22:41:36.695998   31156 portforward.go:340] error creating error stream for port 8080 -> 9090: Timeout occured
E0118 22:41:36.710268   31156 portforward.go:340] error creating error stream for port 8080 -> 9090: Timeout occured
E0118 22:41:36.729921   31156 portforward.go:340] error creating error stream for port 8080 -> 9090: Timeout occured
E0118 22:41:36.729991   31156 portforward.go:340] error creating error stream for port 8080 -> 9090: Timeout occured
E0118 22:41:36.752295   31156 portforward.go:340] error creating error stream for port 8080 -> 9090: Timeout occured
E0118 22:41:36.752294   31156 portforward.go:340] error creating error stream for port 8080 -> 9090: Timeout occured
Handling connection for 8080
E0118 22:41:38.753975   31156 portforward.go:340] error creating error stream for port 8080 -> 9090: Timeout occured
E0118 22:41:41.634024   31156 portforward.go:340] error creating error stream for port 8080 -> 9090: Timeout occured
E0118 22:41:41.651330   31156 portforward.go:340] error creating error stream for port 8080 -> 9090: Timeout occured
E0118 22:41:41.654072   31156 portforward.go:340] error creating error stream for port 8080 -> 9090: Timeout occured
E0118 22:41:41.670443   31156 portforward.go:340] error creating error stream for port 8080 -> 9090: Timeout occured
E0118 22:41:41.680525   31156 portforward.go:340] error creating error stream for port 8080 -> 9090: Timeout occured
E0118 22:41:41.694258   31156 portforward.go:340] error creating error stream for port 8080 -> 9090: Timeout occured
E0118 22:41:41.701115   31156 portforward.go:340] error creating error stream for port 8080 -> 9090: Timeout occured
E0118 22:41:41.710877   31156 portforward.go:340] error creating error stream for port 8080 -> 9090: Timeout occured
E0118 22:41:41.733827   31156 portforward.go:340] error creating error stream for port 8080 -> 9090: Timeout occured
E0118 22:41:41.736705   31156 portforward.go:340] error creating error stream for port 8080 -> 9090: Timeout occured
E0118 22:41:41.738643   31156 portforward.go:340] error creating error stream for port 8080 -> 9090: Timeout occured
E0118 22:41:41.752216   31156 portforward.go:340] error creating error stream for port 8080 -> 9090: Timeout occured
E0118 22:41:41.753149   31156 portforward.go:340] error creating error stream for port 8080 -> 9090: Timeout occured
E0118 22:41:43.752326   31156 portforward.go:340] error creating error stream for port 8080 -> 9090: Timeout occured
E0118 22:41:46.637683   31156 portforward.go:340] error creating error stream for port 8080 -> 9090: Timeout occured
E0118 22:41:46.647141   31156 portforward.go:340] error creating error stream for port 8080 -> 9090: Timeout occured
E0118 22:41:46.654957   31156 portforward.go:340] error creating error stream for port 8080 -> 9090: Timeout occured
E0118 22:41:46.668701   31156 portforward.go:340] error creating error stream for port 8080 -> 9090: Timeout occured
E0118 22:41:46.679864   31156 portforward.go:340] error creating error stream for port 8080 -> 9090: Timeout occured
E0118 22:41:46.696938   31156 portforward.go:340] error creating error stream for port 8080 -> 9090: Timeout occured
E0118 22:41:46.705966   31156 portforward.go:340] error creating error stream for port 8080 -> 9090: Timeout occured
E0118 22:41:46.717956   31156 portforward.go:340] error creating error stream for port 8080 -> 9090: Timeout occured
E0118 22:41:46.721379   31156 portforward.go:340] error creating error stream for port 8080 -> 9090: Timeout occured
E0118 22:41:46.738850   31156 portforward.go:340] error creating error stream for port 8080 -> 9090: Timeout occured
E0118 22:41:46.739701   31156 portforward.go:340] error creating error stream for port 8080 -> 9090: Timeout occured
E0118 22:41:46.757731   31156 portforward.go:340] error creating error stream for port 8080 -> 9090: Timeout occured
E0118 22:41:46.757730   31156 portforward.go:340] error creating error stream for port 8080 -> 9090: Timeout occured
E0118 22:41:48.759998   31156 portforward.go:340] error creating error stream for port 8080 -> 9090: Timeout occured
E0118 22:41:51.629503   31156 portforward.go:340] error creating error stream for port 8080 -> 9090: Timeout occured
E0118 22:41:51.660273   31156 portforward.go:340] error creating error stream for port 8080 -> 9090: Timeout occured
E0118 22:41:51.661004   31156 portforward.go:340] error creating error stream for port 8080 -> 9090: Timeout occured
E0118 22:41:51.668203   31156 portforward.go:340] error creating error stream for port 8080 -> 9090: Timeout occured
E0118 22:41:51.679807   31156 portforward.go:340] error creating error stream for port 8080 -> 9090: Timeout occured
E0118 22:41:51.694581   31156 portforward.go:340] error creating error stream for port 8080 -> 9090: Timeout occured
E0118 22:41:51.702364   31156 portforward.go:340] error creating error stream for port 8080 -> 9090: Timeout occured
E0118 22:41:51.718563   31156 portforward.go:340] error creating error stream for port 8080 -> 9090: Timeout occured
E0118 22:41:51.718563   31156 portforward.go:340] error creating error stream for port 8080 -> 9090: Timeout occured
E0118 22:41:51.719996   31156 portforward.go:340] error creating error stream for port 8080 -> 9090: Timeout occured
E0118 22:41:51.729776   31156 portforward.go:340] error creating error stream for port 8080 -> 9090: Timeout occured
E0118 22:41:51.732900   31156 portforward.go:340] error creating error stream for port 8080 -> 9090: Timeout occured
E0118 22:41:51.736621   31156 portforward.go:340] error creating error stream for port 8080 -> 9090: Timeout occured
E0118 22:41:51.748311   31156 portforward.go:340] error creating error stream for port 8080 -> 9090: Timeout occured
E0118 22:41:51.762122   31156 portforward.go:340] error creating error stream for port 8080 -> 9090: Timeout occured
E0118 22:41:51.770094   31156 portforward.go:340] error creating error stream for port 8080 -> 9090: Timeout occured
E0118 22:41:53.763223   31156 portforward.go:340] error creating error stream for port 8080 -> 9090: Timeout occured
E0118 22:41:56.141958   31156 portforward.go:340] error creating error stream for port 8080 -> 9090: Timeout occured
E0118 22:41:56.142068   31156 portforward.go:340] error creating error stream for port 8080 -> 9090: Timeout occured
E0118 22:41:56.142081   31156 portforward.go:340] error creating error stream for port 8080 -> 9090: Timeout occured
E0118 22:41:56.142105   31156 portforward.go:340] error creating error stream for port 8080 -> 9090: Timeout occured
E0118 22:41:56.146156   31156 portforward.go:340] error creating error stream for port 8080 -> 9090: Timeout occured
E0118 22:41:56.152687   31156 portforward.go:340] error creating error stream for port 8080 -> 9090: Timeout occured
E0118 22:42:07.064769   31156 portforward.go:340] error creating error stream for port 8080 -> 9090: Timeout occured
Handling connection for 8080
E0118 22:42:37.078101   31156 portforward.go:340] error creating error stream for port 8080 -> 9090: Timeout occured
Handling connection for 8080
E0118 22:43:07.081423   31156 portforward.go:340] error creating error stream for port 8080 -> 9090: Timeout occured
Handling connection for 8080
Forwarding from 0.0.0.0:9000 -> 9000
Forwarding from 0.0.0.0:8000 -> 8000
Handling connection for 8000
Handling connection for 8000
Handling connection for 8000
Handling connection for 9000
Handling connection for 8000
Handling connection for 9000
Handling connection for 8000
Handling connection for 9000
Handling connection for 9000
Handling connection for 9000
Error from server (NotFound): services "sbackend" not found
error: unable to forward port because pod is not running. Current status=Pending
